[    0.000000] Linux version 4.15.0-167-generic (buildd@lcy02-amd64-045) (gcc version 7.5.0 (Ubuntu 7.5.0-3ubuntu1~18.04)) #175-Ubuntu SMP Wed Jan 5 01:56:07 UTC 2022 (Ubuntu 4.15.0-167.175-generic 4.15.18)
[    0.000000] Command line: BOOT_IMAGE=/boot/vmlinuz-4.15.0-167-generic root=UUID=32e8aa83-fa50-4890-aad3-2a666e4baa0b ro console=tty1 console=ttyS0
[    0.000000] KERNEL supported cpus:
[    0.000000]   Intel GenuineIntel
[    0.000000]   AMD AuthenticAMD
[    0.000000]   Centaur CentaurHauls
[    0.000000] x86/fpu: Supporting XSAVE feature 0x001: 'x87 floating point registers'
[    0.000000] x86/fpu: Supporting XSAVE feature 0x002: 'SSE registers'
[    0.000000] x86/fpu: Supporting XSAVE feature 0x004: 'AVX registers'
[    0.000000] x86/fpu: xstate_offset[2]:  576, xstate_sizes[2]:  256
[    0.000000] x86/fpu: Enabled xstate features 0x7, context size is 832 bytes, using 'standard' format.
[    0.000000] e820: BIOS-provided physical RAM map:
[    0.000000] BIOS-e820: [mem 0x0000000000000000-0x000000000009fbff] usable
[    0.000000] BIOS-e820: [mem 0x000000000009fc00-0x000000000009ffff] reserved
[    0.000000] BIOS-e820: [mem 0x00000000000f0000-0x00000000000fffff] reserved
[    0.000000] BIOS-e820: [mem 0x0000000000100000-0x000000003ffeffff] usable
[    0.000000] BIOS-e820: [mem 0x000000003fff0000-0x000000003fffffff] ACPI data
[    0.000000] BIOS-e820: [mem 0x00000000fec00000-0x00000000fec00fff] reserved
[    0.000000] BIOS-e820: [mem 0x00000000fee00000-0x00000000fee00fff] reserved
[    0.000000] BIOS-e820: [mem 0x00000000fffc0000-0x00000000ffffffff] reserved
[    0.000000] NX (Execute Disable) protection: active
[    0.000000] SMBIOS 2.5 present.
[    0.000000] DMI: innotek GmbH VirtualBox/VirtualBox, BIOS VirtualBox 12/01/2006
[    0.000000] Hypervisor detected: KVM
[    0.000000] e820: last_pfn = 0x3fff0 max_arch_pfn = 0x400000000
[    0.000000] MTRR: Disabled
[    0.000000] x86/PAT: MTRRs disabled, skipping PAT initialization too.
[    0.000000] CPU MTRRs all blank - virtualized system.
[    0.000000] x86/PAT: Configuration [0-7]: WB  WT  UC- UC  WB  WT  UC- UC  
[    0.000000] found SMP MP-table at [mem 0x0009fff0-0x0009ffff]
[    0.000000] Scanning 1 areas for low memory corruption
[    0.000000] RAMDISK: [mem 0x3581b000-0x36c04fff]
[    0.000000] ACPI: Early table checksum verification disabled
[    0.000000] ACPI: RSDP 0x00000000000E0000 000024 (v02 VBOX  )
[    0.000000] ACPI: XSDT 0x000000003FFF0030 00003C (v01 VBOX   VBOXXSDT 00000001 ASL  00000061)
[    0.000000] ACPI: FACP 0x000000003FFF00F0 0000F4 (v04 VBOX   VBOXFACP 00000001 ASL  00000061)
[    0.000000] ACPI: DSDT 0x000000003FFF0470 002325 (v02 VBOX   VBOXBIOS 00000002 INTL 20120111)
[    0.000000] ACPI: FACS 0x000000003FFF0200 000040
[    0.000000] ACPI: FACS 0x000000003FFF0200 000040
[    0.000000] ACPI: APIC 0x000000003FFF0240 00005C (v02 VBOX   VBOXAPIC 00000001 ASL  00000061)
[    0.000000] ACPI: SSDT 0x000000003FFF02A0 0001CC (v01 VBOX   VBOXCPUT 00000002 INTL 20120111)
[    0.000000] ACPI: Reserving FACP table memory at [mem 0x3fff00f0-0x3fff01e3]
[    0.000000] ACPI: Reserving DSDT table memory at [mem 0x3fff0470-0x3fff2794]
[    0.000000] ACPI: Reserving FACS table memory at [mem 0x3fff0200-0x3fff023f]
[    0.000000] ACPI: Reserving FACS table memory at [mem 0x3fff0200-0x3fff023f]
[    0.000000] ACPI: Reserving APIC table memory at [mem 0x3fff0240-0x3fff029b]
[    0.000000] ACPI: Reserving SSDT table memory at [mem 0x3fff02a0-0x3fff046b]
[    0.000000] No NUMA configuration found
[    0.000000] Faking a node at [mem 0x0000000000000000-0x000000003ffeffff]
[    0.000000] NODE_DATA(0) allocated [mem 0x3ffc5000-0x3ffeffff]
[    0.000000] kvm-clock: cpu 0, msr 0:3ff44001, primary cpu clock
[    0.000000] kvm-clock: Using msrs 4b564d01 and 4b564d00
[    0.000000] kvm-clock: using sched offset of 4751389182 cycles
[    0.000000] clocksource: kvm-clock: mask: 0xffffffffffffffff max_cycles: 0x1cd42e4dffb, max_idle_ns: 881590591483 ns
[    0.000000] Zone ranges:
[    0.000000]   DMA      [mem 0x0000000000001000-0x0000000000ffffff]
[    0.000000]   DMA32    [mem 0x0000000001000000-0x000000003ffeffff]
[    0.000000]   Normal   empty
[    0.000000]   Device   empty
[    0.000000] Movable zone start for each node
[    0.000000] Early memory node ranges
[    0.000000]   node   0: [mem 0x0000000000001000-0x000000000009efff]
[    0.000000]   node   0: [mem 0x0000000000100000-0x000000003ffeffff]
[    0.000000] Reserved but unavailable: 104 pages
[    0.000000] Initmem setup node 0 [mem 0x0000000000001000-0x000000003ffeffff]
[    0.000000] ACPI: PM-Timer IO Port: 0x4008
[    0.000000] IOAPIC[0]: apic_id 2, version 32, address 0xfec00000, GSI 0-23
[    0.000000] ACPI: INT_SRC_OVR (bus 0 bus_irq 0 global_irq 2 dfl dfl)
[    0.000000] ACPI: INT_SRC_OVR (bus 0 bus_irq 9 global_irq 9 low level)
[    0.000000] Using ACPI (MADT) for SMP configuration information
[    0.000000] smpboot: Allowing 2 CPUs, 0 hotplug CPUs
[    0.000000] PM: Registered nosave memory: [mem 0x00000000-0x00000fff]
[    0.000000] PM: Registered nosave memory: [mem 0x0009f000-0x0009ffff]
[    0.000000] PM: Registered nosave memory: [mem 0x000a0000-0x000effff]
[    0.000000] PM: Registered nosave memory: [mem 0x000f0000-0x000fffff]
[    0.000000] e820: [mem 0x40000000-0xfebfffff] available for PCI devices
[    0.000000] Booting paravirtualized kernel on KVM
[    0.000000] clocksource: refined-jiffies: mask: 0xffffffff max_cycles: 0xffffffff, max_idle_ns: 7645519600211568 ns
[    0.000000] random: get_random_bytes called from start_kernel+0x99/0x500 with crng_init=0
[    0.000000] setup_percpu: NR_CPUS:8192 nr_cpumask_bits:2 nr_cpu_ids:2 nr_node_ids:1
[    0.000000] percpu: Embedded 50 pages/cpu s167936 r8192 d28672 u1048576
[    0.000000] PV qspinlock hash table entries: 256 (order: 0, 4096 bytes)
[    0.000000] Built 1 zonelists, mobility grouping on.  Total pages: 257913
[    0.000000] Policy zone: DMA32
[    0.000000] Kernel command line: BOOT_IMAGE=/boot/vmlinuz-4.15.0-167-generic root=UUID=32e8aa83-fa50-4890-aad3-2a666e4baa0b ro console=tty1 console=ttyS0
[    0.000000] Memory: 981776K/1048120K available (12300K kernel code, 2483K rwdata, 4324K rodata, 2476K init, 2724K bss, 66344K reserved, 0K cma-reserved)
[    0.000000] SLUB: HWalign=64, Order=0-3, MinObjects=0, CPUs=2, Nodes=1
[    0.000000] Kernel/User page tables isolation: enabled
[    0.000000] ftrace: allocating 39494 entries in 155 pages
[    0.004000] Hierarchical RCU implementation.
[    0.004000] 	RCU restricting CPUs from NR_CPUS=8192 to nr_cpu_ids=2.
[    0.004000] 	Tasks RCU enabled.
[    0.004000] RCU: Adjusting geometry for rcu_fanout_leaf=16, nr_cpu_ids=2
[    0.004000] NR_IRQS: 524544, nr_irqs: 440, preallocated irqs: 16
[    0.004000] Console: colour VGA+ 80x25
[    0.004000] console [tty1] enabled
[    0.004000] console [ttyS0] enabled
[    0.004000] ACPI: Core revision 20170831
[    0.004000] ACPI: 2 ACPI AML tables successfully acquired and loaded
[    0.004000] APIC: Switch to symmetric I/O mode setup
[    0.004000] x2apic enabled
[    0.004000] Switched APIC routing to physical x2apic.
[    0.004000] ..TIMER: vector=0x30 apic1=0 pin1=2 apic2=-1 pin2=-1
[    0.004004] tsc: Detected 2807.998 MHz processor
[    0.004954] Calibrating delay loop (skipped) preset value.. 5615.99 BogoMIPS (lpj=11231992)
[    0.008003] pid_max: default: 32768 minimum: 301
[    0.009207] Security Framework initialized
[    0.010117] Yama: becoming mindful.
[    0.012043] AppArmor: AppArmor initialized
[    0.013637] Dentry cache hash table entries: 131072 (order: 8, 1048576 bytes)
[    0.015969] Inode-cache hash table entries: 65536 (order: 7, 524288 bytes)
[    0.016026] Mount-cache hash table entries: 2048 (order: 2, 16384 bytes)
[    0.017520] Mountpoint-cache hash table entries: 2048 (order: 2, 16384 bytes)
[    0.020250] Last level iTLB entries: 4KB 64, 2MB 8, 4MB 8
[    0.021711] Last level dTLB entries: 4KB 64, 2MB 0, 4MB 0, 1GB 4
[    0.024003] Spectre V1 : Mitigation: usercopy/swapgs barriers and __user pointer sanitization
[    0.026065] Spectre V2 : Mitigation: Full generic retpoline
[    0.027609] Spectre V2 : Spectre v2 / SpectreRSB mitigation: Filling RSB on context switch
[    0.028008] Speculative Store Bypass: Vulnerable
[    0.029496] SRBDS: Unknown: Dependent on hypervisor status
[    0.032006] MDS: Mitigation: Clear CPU buffers
[    0.033479] Freeing SMP alternatives memory: 36K
[    0.145859] smpboot: CPU0: Intel(R) Core(TM) i7-7700HQ CPU @ 2.80GHz (family: 0x6, model: 0x9e, stepping: 0x9)
[    0.148000] Performance Events: unsupported p6 CPU model 158 no PMU driver, software events only.
[    0.148060] Hierarchical SRCU implementation.
[    0.150023] NMI watchdog: Perf event create on CPU 0 failed with -2
[    0.152002] NMI watchdog: Perf NMI watchdog permanently disabled
[    0.153264] smp: Bringing up secondary CPUs ...
[    0.156079] x86: Booting SMP configuration:
[    0.157074] .... node  #0, CPUs:      #1
[    0.004000] kvm-clock: cpu 1, msr 0:3ff44041, secondary cpu clock
[    0.162041] smp: Brought up 1 node, 2 CPUs
[    0.162041] smpboot: Max logical packages: 1
[    0.164014] smpboot: Total of 2 processors activated (11231.99 BogoMIPS)
[    0.165961] devtmpfs: initialized
[    0.168046] x86/mm: Memory block size: 128MB
[    0.169062] evm: security.selinux
[    0.170333] evm: security.SMACK64
[    0.171048] evm: security.SMACK64EXEC
[    0.172005] evm: security.SMACK64TRANSMUTE
[    0.172948] evm: security.SMACK64MMAP
[    0.173948] evm: security.apparmor
[    0.174816] evm: security.ima
[    0.175526] evm: security.capability
[    0.176142] clocksource: jiffies: mask: 0xffffffff max_cycles: 0xffffffff, max_idle_ns: 7645041785100000 ns
[    0.180028] futex hash table entries: 512 (order: 3, 32768 bytes)
[    0.182194] pinctrl core: initialized pinctrl subsystem
[    0.184094] RTC time: 13:34:12, date: 02/05/22
[    0.185840] NET: Registered protocol family 16
[    0.188071] audit: initializing netlink subsys (disabled)
[    0.189337] audit: type=2000 audit(1644068058.080:1): state=initialized audit_enabled=0 res=1
[    0.189337] cpuidle: using governor ladder
[    0.192024] cpuidle: using governor menu
[    0.194415] ACPI: bus type PCI registered
[    0.196011] acpiphp: ACPI Hot Plug PCI Controller Driver version: 0.5
[    0.198589] PCI: Using configuration type 1 for base access
[    0.200939] HugeTLB registered 2.00 MiB page size, pre-allocated 0 pages
[    0.204049] ACPI: Added _OSI(Module Device)
[    0.205189] ACPI: Added _OSI(Processor Device)
[    0.206113] ACPI: Added _OSI(3.0 _SCP Extensions)
[    0.207308] ACPI: Added _OSI(Processor Aggregator Device)
[    0.208010] ACPI: Added _OSI(Linux-Dell-Video)
[    0.209286] ACPI: Added _OSI(Linux-Lenovo-NV-HDMI-Audio)
[    0.212010] ACPI: Added _OSI(Linux-HPI-Hybrid-Graphics)
[    0.214628] ACPI: Executed 1 blocks of module-level executable AML code
[    0.220463] ACPI: Interpreter enabled
[    0.221757] ACPI: (supports S0 S5)
[    0.223008] ACPI: Using IOAPIC for interrupt routing
[    0.224242] PCI: Using host bridge windows from ACPI; if necessary, use "pci=nocrs" and report a bug
[    0.227581] ACPI: Enabled 2 GPEs in block 00 to 07
[    0.237106] ACPI: PCI Root Bridge [PCI0] (domain 0000 [bus 00-ff])
[    0.239647] acpi PNP0A03:00: _OSC: OS supports [ASPM ClockPM Segments MSI]
[    0.240469] acpi PNP0A03:00: _OSC: not requesting OS control; OS requires [ExtendedConfig ASPM ClockPM MSI]
[    0.244033] acpi PNP0A03:00: fail to add MMCONFIG information, can't access extended PCI configuration space under this bridge.
[    0.248637] PCI host bridge to bus 0000:00
[    0.249574] pci_bus 0000:00: root bus resource [io  0x0000-0x0cf7 window]
[    0.252003] pci_bus 0000:00: root bus resource [io  0x0d00-0xffff window]
[    0.253837] pci_bus 0000:00: root bus resource [mem 0x000a0000-0x000bffff window]
[    0.256029] pci_bus 0000:00: root bus resource [mem 0x40000000-0xfdffffff window]
[    0.257582] pci_bus 0000:00: root bus resource [bus 00-ff]
[    0.263829] pci 0000:00:01.1: legacy IDE quirk: reg 0x10: [io  0x01f0-0x01f7]
[    0.264010] pci 0000:00:01.1: legacy IDE quirk: reg 0x14: [io  0x03f6]
[    0.265440] pci 0000:00:01.1: legacy IDE quirk: reg 0x18: [io  0x0170-0x0177]
[    0.268002] pci 0000:00:01.1: legacy IDE quirk: reg 0x1c: [io  0x0376]
[    0.290447] pci 0000:00:07.0: quirk: [io  0x4000-0x403f] claimed by PIIX4 ACPI
[    0.292034] pci 0000:00:07.0: quirk: [io  0x4100-0x410f] claimed by PIIX4 SMB
[    0.303485] ACPI: PCI Interrupt Link [LNKA] (IRQs 5 9 10 *11)
[    0.304294] ACPI: PCI Interrupt Link [LNKB] (IRQs 5 9 *10 11)
[    0.306073] ACPI: PCI Interrupt Link [LNKC] (IRQs 5 *9 10 11)
[    0.308189] ACPI: PCI Interrupt Link [LNKD] (IRQs 5 9 10 *11)
[    0.310544] SCSI subsystem initialized
[    0.312107] pci 0000:00:02.0: vgaarb: setting as boot VGA device
[    0.314202] pci 0000:00:02.0: vgaarb: VGA device added: decodes=io+mem,owns=io+mem,locks=none
[    0.316019] pci 0000:00:02.0: vgaarb: bridge control possible
[    0.317736] vgaarb: loaded
[    0.318401] ACPI: bus type USB registered
[    0.320031] usbcore: registered new interface driver usbfs
[    0.321154] usbcore: registered new interface driver hub
[    0.322524] usbcore: registered new device driver usb
[    0.324026] EDAC MC: Ver: 3.0.0
[    0.325101] PCI: Using ACPI for IRQ routing
[    0.325914] NetLabel: Initializing
[    0.328010] NetLabel:  domain hash size = 128
[    0.329111] NetLabel:  protocols = UNLABELED CIPSOv4 CALIPSO
[    0.330918] NetLabel:  unlabeled traffic allowed by default
[    0.332078] clocksource: Switched to clocksource kvm-clock
[    0.348478] VFS: Disk quotas dquot_6.6.0
[    0.349889] VFS: Dquot-cache hash table entries: 512 (order 0, 4096 bytes)
[    0.351451] AppArmor: AppArmor Filesystem Enabled
[    0.352491] pnp: PnP ACPI init
[    0.354510] pnp: PnP ACPI: found 3 devices
[    0.364257] clocksource: acpi_pm: mask: 0xffffff max_cycles: 0xffffff, max_idle_ns: 2085701024 ns
[    0.366541] NET: Registered protocol family 2
[    0.367493] IP idents hash table entries: 16384 (order: 5, 131072 bytes)
[    0.371153] TCP established hash table entries: 8192 (order: 4, 65536 bytes)
[    0.373320] TCP bind hash table entries: 8192 (order: 5, 131072 bytes)
[    0.374798] TCP: Hash tables configured (established 8192 bind 8192)
[    0.376517] UDP hash table entries: 512 (order: 2, 16384 bytes)
[    0.378333] UDP-Lite hash table entries: 512 (order: 2, 16384 bytes)
[    0.380628] NET: Registered protocol family 1
[    0.382061] pci 0000:00:00.0: Limiting direct PCI/PCI transfers
[    0.383457] pci 0000:00:01.0: Activating ISA DMA hang workarounds
[    0.385101] pci 0000:00:02.0: Video device with shadowed ROM at [mem 0x000c0000-0x000dffff]
[    0.386918] Unpacking initramfs...
[    0.741875] Freeing initrd memory: 20392K
[    0.743100] clocksource: tsc: mask: 0xffffffffffffffff max_cycles: 0x2879c456dd4, max_idle_ns: 440795285767 ns
[    0.746139] platform rtc_cmos: registered platform RTC device (no PNP device found)
[    0.748010] Scanning for low memory corruption every 60 seconds
[    0.750134] Initialise system trusted keyrings
[    0.751287] Key type blacklist registered
[    0.752236] workingset: timestamp_bits=36 max_order=18 bucket_order=0
[    0.754712] zbud: loaded
[    0.755763] squashfs: version 4.0 (2009/01/31) Phillip Lougher
[    0.757893] fuse init (API version 7.26)
[    0.760546] Key type asymmetric registered
[    0.761989] Asymmetric key parser 'x509' registered
[    0.763530] Block layer SCSI generic (bsg) driver version 0.4 loaded (major 246)
[    0.765611] io scheduler noop registered
[    0.766472] io scheduler deadline registered
[    0.767428] io scheduler cfq registered (default)
[    0.769838] ACPI: AC Adapter [AC] (off-line)
[    0.771122] input: Power Button as /devices/LNXSYSTM:00/LNXPWRBN:00/input/input0
[    0.773517] ACPI: Power Button [PWRF]
[    0.774420] input: Sleep Button as /devices/LNXSYSTM:00/LNXSLPBN:00/input/input1
[    0.776443] ACPI: Sleep Button [SLPF]
[    0.779180] ACPI: Battery Slot [BAT0] (battery present)
[    0.780297] Serial: 8250/16550 driver, 32 ports, IRQ sharing enabled
[    0.803056] 00:02: ttyS0 at I/O 0x3f8 (irq = 4, base_baud = 115200) is a 16550A
[    0.807255] Linux agpgart interface v0.103
[    0.809301] loop: module loaded
[    0.810508] scsi host0: ata_piix
[    0.811624] scsi host1: ata_piix
[    0.812513] ata1: PATA max UDMA/33 cmd 0x1f0 ctl 0x3f6 bmdma 0xd000 irq 14
[    0.814187] ata2: PATA max UDMA/33 cmd 0x170 ctl 0x376 bmdma 0xd008 irq 15
[    0.815870] libphy: Fixed MDIO Bus: probed
[    0.816779] tun: Universal TUN/TAP device driver, 1.6
[    0.817868] PPP generic driver version 2.4.2
[    0.819342] ehci_hcd: USB 2.0 'Enhanced' Host Controller (EHCI) Driver
[    0.821474] ehci-pci: EHCI PCI platform driver
[    0.822804] ehci-platform: EHCI generic platform driver
[    0.824633] ohci_hcd: USB 1.1 'Open' Host Controller (OHCI) Driver
[    0.825937] ohci-pci: OHCI PCI platform driver
[    0.827264] ohci-platform: OHCI generic platform driver
[    0.829151] uhci_hcd: USB Universal Host Controller Interface driver
[    0.830927] i8042: PNP: PS/2 Controller [PNP0303:PS2K,PNP0f03:PS2M] at 0x60,0x64 irq 1,12
[    0.833947] serio: i8042 KBD port at 0x60,0x64 irq 1
[    0.835126] serio: i8042 AUX port at 0x60,0x64 irq 12
[    0.837316] mousedev: PS/2 mouse device common for all mice
[    0.840310] input: AT Translated Set 2 keyboard as /devices/platform/i8042/serio0/input/input2
[    0.842898] rtc_cmos rtc_cmos: rtc core: registered rtc_cmos as rtc0
[    0.844978] rtc_cmos rtc_cmos: alarms up to one day, 114 bytes nvram
[    0.846317] i2c /dev entries driver
[    0.847119] device-mapper: uevent: version 1.0.3
[    0.848247] device-mapper: ioctl: 4.37.0-ioctl (2017-09-20) initialised: dm-devel@redhat.com
[    0.850732] ledtrig-cpu: registered to indicate activity on CPUs
[    0.852522] NET: Registered protocol family 10
[    0.858344] Segment Routing with IPv6
[    0.859639] NET: Registered protocol family 17
[    0.861320] Key type dns_resolver registered
[    0.862394] mce: Using 0 MCE banks
[    0.863173] RAS: Correctable Errors collector initialized.
[    0.864956] sched_clock: Marking stable (864931827, 0)->(1064035995, -199104168)
[    0.867038] registered taskstats version 1
[    0.868231] Loading compiled-in X.509 certificates
[    0.872567] Loaded X.509 cert 'Build time autogenerated kernel key: 51c91b167e8daada285dd448a981da05683ebd03'
[    0.875264] Loaded X.509 cert 'Canonical Ltd. Live Patch Signing: 14df34d1a87cf37625abec039ef2bf521249b969'
[    0.878218] Loaded X.509 cert 'Canonical Ltd. Kernel Module Signing: 88f752e560a1e0737e31163a466ad7b70a850c19'
[    0.880246] blacklist: Loading compiled-in revocation X.509 certificates
[    0.881837] Loaded X.509 cert 'Canonical Ltd. Secure Boot Signing: 61482aa2830d0ab2ad5af10b7250da9033ddcef0'
[    0.883846] zswap: loaded using pool lzo/zbud
[    0.888609] Key type big_key registered
[    0.889864] Key type trusted registered
[    0.893538] Key type encrypted registered
[    0.894915] AppArmor: AppArmor sha1 policy hashing enabled
[    0.896040] ima: No TPM chip found, activating TPM-bypass! (rc=-19)
[    0.898142] ima: Allocated hash algorithm: sha1
[    0.899235] evm: HMAC attrs: 0x1
[    0.900799]   Magic number: 10:756:583
[    0.902047] rtc_cmos rtc_cmos: setting system clock to 2022-02-05 13:34:12 UTC (1644068052)
[    0.903889] BIOS EDD facility v0.16 2004-Jun-25, 0 devices found
[    0.905427] EDD information not available.
[    1.002709] Freeing unused kernel image memory: 2476K
[    1.016779] Write protecting the kernel read-only data: 20480k
[    1.019637] Freeing unused kernel image memory: 2008K
[    1.021167] Freeing unused kernel image memory: 1820K
[    1.028520] x86/mm: Checked W+X mappings: passed, no W+X pages found.
[    1.030378] x86/mm: Checking user space page tables
[    1.037015] x86/mm: Checked W+X mappings: passed, no W+X pages found.
Loading, please wait...
starting version 237
[    1.091453] e1000: Intel(R) PRO/1000 Network Driver - version 7.3.21-k8-NAPI
[    1.093869] e1000: Copyright (c) 1999-2006 Intel Corporation.
[    1.103764] Fusion MPT base driver 3.04.20
[    1.105270] Copyright (c) 1999-2008 LSI Corporation
[    1.111008] Fusion MPT SPI Host driver 3.04.20
[    1.121840] AVX2 version of gcm_enc/dec engaged.
[    1.123410] AES CTR mode by8 optimization enabled
[    1.319784] input: ImExPS/2 Generic Explorer Mouse as /devices/platform/i8042/serio1/input/input4
[    1.758221] e1000 0000:00:03.0 eth0: (PCI:33MHz:32-bit) 02:0f:94:a1:da:7f
[    1.760131] e1000 0000:00:03.0 eth0: Intel(R) PRO/1000 Network Connection
[    1.763786] e1000 0000:00:03.0 enp0s3: renamed from eth0
[    1.765637] mptbase: ioc0: Initiating bringup
[    3.053630] ioc0: LSI53C1030 A0: Capabilities={Initiator}
[    6.079593] scsi host2: ioc0: LSI53C1030 A0, FwRev=00000000h, Ports=1, MaxQ=256, IRQ=20
[    7.758319] scsi 2:0:0:0: Direct-Access     VBOX     HARDDISK         1.0  PQ: 0 ANSI: 5
[    7.788234] scsi target2:0:0: Beginning Domain Validation
[    7.792148] scsi target2:0:0: Domain Validation skipping write tests
[    7.793907] scsi target2:0:0: Ending Domain Validation
[    7.795162] scsi target2:0:0: asynchronous
[    7.796609] scsi 2:0:1:0: Direct-Access     VBOX     HARDDISK         1.0  PQ: 0 ANSI: 5
[    7.828545] scsi target2:0:1: Beginning Domain Validation
[    7.832739] random: fast init done
[    7.833999] scsi target2:0:1: Domain Validation skipping write tests
[    7.835687] scsi target2:0:1: Ending Domain Validation
[    7.837168] scsi target2:0:1: asynchronous
[    7.842524] random: systemd-udevd: uninitialized urandom read (16 bytes read)
[    7.844717] random: systemd-udevd: uninitialized urandom read (16 bytes read)
[    7.846328] random: systemd-udevd: uninitialized urandom read (16 bytes read)
[    7.848297] sd 2:0:0:0: Attached scsi generic sg0 type 0
[    7.848501] sd 2:0:0:0: [sda] 83886080 512-byte logical blocks: (42.9 GB/40.0 GiB)
[    7.849863] sd 2:0:1:0: Attached scsi generic sg1 type 0
[    7.851200] sd 2:0:0:0: [sda] Write Protect is off
[    7.853496] sd 2:0:1:0: [sdb] 20480 512-byte logical blocks: (10.5 MB/10.0 MiB)
[    7.855039] sd 2:0:0:0: [sda] Incomplete mode parameter data
[    7.856354] sd 2:0:0:0: [sda] Assuming drive cache: write through
[    7.857684] sd 2:0:1:0: [sdb] Write Protect is off
[    7.858759] sd 2:0:1:0: [sdb] Incomplete mode parameter data
[    7.859953] sd 2:0:1:0: [sdb] Assuming drive cache: write through
[    7.867917]  sda: sda1
[    7.870018] sd 2:0:0:0: [sda] Attached SCSI disk
[    7.871963] sd 2:0:1:0: [sdb] Attached SCSI disk
Begin: Loading essential drivers ... [    9.316288] raid6: sse2x1   gen() 10346 MB/s
[    9.364121] raid6: sse2x1   xor()  7162 MB/s
[    9.412196] raid6: sse2x2   gen() 11762 MB/s
[    9.460157] raid6: sse2x2   xor()  8604 MB/s
[    9.508207] raid6: sse2x4   gen() 15052 MB/s
[    9.556206] raid6: sse2x4   xor()  8837 MB/s
[    9.604369] raid6: avx2x1   gen() 20822 MB/s
[    9.652236] raid6: avx2x1   xor() 15164 MB/s
[    9.700366] raid6: avx2x2   gen() 28064 MB/s
[    9.748463] raid6: avx2x2   xor() 17521 MB/s
[    9.796590] raid6: avx2x4   gen() 30546 MB/s
[    9.844567] raid6: avx2x4   xor() 20434 MB/s
[    9.845475] raid6: using algorithm avx2x4 gen() 30546 MB/s
[    9.846753] raid6: .... xor() 20434 MB/s, rmw enabled
[    9.847971] raid6: using avx2x2 recovery algorithm
[    9.850542] xor: automatically using best checksumming function   avx       
[    9.853221] async_tx: api initialized (async)
done.
Begin: Running /scripts/init-premount ... done.
Begin: Mounting root file system ... Begin: Running /scripts/local-top ... done.
Begin: Running /scripts/local-premount ... [    9.895972] Btrfs loaded, crc32c=crc32c-intel
Scanning for Btrfs filesystems
done.
Begin: Will now check root file system ... fsck from util-linux 2.31.1
[/sbin/fsck.ext4 (1) -- /dev/sda1] fsck.ext4 -a -C0 /dev/sda1 
cloudimg-rootfs: recovering journal
cloudimg-rootfs: clean, 170996/5120000 files, 1175546/10485499 blocks
done.
[   10.148740] EXT4-fs (sda1): mounted filesystem with ordered data mode. Opts: (null)
done.
Begin: Running /scripts/local-bottom ... done.
Begin: Running /scripts/init-bottom ... done.
[   10.367066] ip_tables: (C) 2000-2006 Netfilter Core Team
[   10.376666] systemd[1]: systemd 237 running in system mode. (+PAM +AUDIT +SELINUX +IMA +APPARMOR +SMACK +SYSVINIT +UTMP +LIBCRYPTSETUP +GCRYPT +GNUTLS +ACL +XZ +LZ4 +SECCOMP +BLKID +ELFUTILS +KMOD -IDN2 +IDN -PCRE2 default-hierarchy=hybrid)
[   10.381019] systemd[1]: Detected virtualization oracle.
[   10.382187] systemd[1]: Detected architecture x86-64.

Welcome to [1mUbuntu 18.04.6 LTS[0m!

[   10.389939] systemd[1]: Set hostname to <ubuntu-bionic>.
[   10.697658] systemd[1]: Started Forward Password Requests to Wall Directory Watch.
[[0;32m  OK  [0m] Started Forward Password Requests to Wall Directory Watch.
[   10.700935] systemd[1]: Set up automount Arbitrary Executable File Formats File System Automount Point.
[[0;32m  OK  [0m] Set up automount Arbitrary Executab…rmats File System Automount Point.
[   10.705597] systemd[1]: Reached target Swap.
[[0;32m  OK  [0m] Reached target Swap.
[   10.707301] systemd[1]: Reached target User and Group Name Lookups.
[[0;32m  OK  [0m] Reached target User and Group Name Lookups.
[   10.722265] systemd[1]: Created slice User and Session Slice.
[[0;32m  OK  [0m] Created slice User and Session Slice.
[   10.736155] systemd[1]: Reached target System Time Synchronized.
[[0;32m  OK  [0m] Reached target System Time Synchronized.
[[0;32m  OK  [0m] Created slice System Slice.
[[0;32m  OK  [0m] Listening on Journal Socket.
[[0;32m  OK  [0m] Reached target Slices.
         Starting Uncomplicated firewall...
[[0;32m  OK  [0m] Listening on Journal Socket (/dev/log).
         Mounting Huge Pages File System...
[[0;32m  OK  [0m] Listening on Syslog Socket.
         Starting Load Kernel Modules...
[[0;32m  OK  [0m] Listening on Device-mapper event daemon FIFOs.
         Mounting POSIX Message Queue File System...
[[0;32m  OK  [0m] Listening on /dev/initctl Compatibility Named Pipe.
[[0;32m  OK  [0m] Listening on LVM2 poll daemon socket.
         Mounting Kernel Debug File System...
[[0;32m  OK  [0m] Listening on Journal Audit Socket.
         Starting Journal Service...
[[0;32m  OK  [0m] Created slice system-serial\x2dgetty.slice.
         Starting Create list of required st…ce nodes for the current kernel...
[[0;32m  OK  [0m] Listening on Network Service Netlink Socket.
[[0;32m  OK  [0m] Listening on LVM2 metadata daemon socket.
         Starting Monitoring of LVM2 mirrors…ng dmeventd or progress polling...
[[0;32m  OK  [0m] Listening on fsck to fsckd communication Socket.
[[0;32m  OK  [0m] Listening on udev Kernel Socket.
[[0;32m  OK  [0m] Listening on udev Control Socket.
[   10.818753] Loading iSCSI transport class v2.0-870.
         Starting udev Coldplug all Devices...
         Starting Set the console keyboard layout...
[   10.834417] iscsi: registered transport (tcp)
         Starting Remount Root and Kernel File Systems...
[[0;32m  OK  [0m] Started Journal Service.
[[0;32m  OK  [0m] Started Uncomplicated firewall.
[[0;32m  OK  [0m] Mounted Huge Pages File System.
[[0;32m  OK  [0m] Mounted POSIX Message Queue File System.
[[0;32m  OK  [0m] Mounted Kernel Debug File System.
[   10.857859] iscsi: registered transport (iser)
[[0;32m  OK  [0m] Started Load Kernel Modules.
         Mounting Kernel Configuration File System...
         Starting Apply Kernel Variables...
         Mounting FUSE Control File System...
[[0;32m  OK  [0m] Started Create list of required sta…vice nodes for the current kernel.
         Starting Create Static Device Nodes in /dev...
[[0;32m  OK  [0m] Mounted FUSE Control File System.
[[0;32m  OK  [0m] Mounted Kernel Configuration File System.
[[0;32m  OK  [0m] Started LVM2 metadata daemon.
[[0;32m  OK  [0m] Started udev Coldplug all Devices.
[[0;32m  OK  [0m] Started Create Static Device Nodes in /dev.
[[0;32m  OK  [0m] Started Remount Root and Kernel File Systems.
         Starting Flush Journal to Persistent Storage...
         Starting Load/Save Random Seed...
         Starting udev Kernel Device Manager...
[[0;32m  OK  [0m] Started Apply Kernel Variables.
[[0;32m  OK  [0m] Started Load/Save Random Seed.
[[0;32m  OK  [0m] Started Monitoring of LVM2 mirrors,…sing dmeventd or progress polling.
[[0;32m  OK  [0m] Started udev Kernel Device Manager.
[[0;32m  OK  [0m] Started Set the console keyboard layout.
[[0;32m  OK  [0m] Started Dispatch Password Requests to Console Directory Watch.
[[0;32m  OK  [0m] Reached target Local Encrypted Volumes.
[[0;32m  OK  [0m] Reached target Local File Systems (Pre).
[[0;32m  OK  [0m] Reached target Local File Systems.
         Starting ebtables ruleset management...
         Starting AppArmor initialization...
         Starting Set console font and keymap...
         Starting Tell Plymouth To Write Out Runtime Data...
[[0;32m  OK  [0m] Started Set console font and keymap.
[[0;32m  OK  [0m] Started Tell Plymouth To Write Out Runtime Data.
[[0;32m  OK  [0m] Started Flush Journal to Persistent Storage.
         Starting Create Volatile Files and Directories...
[[0;32m  OK  [0m] Started Create Volatile Files and Directories.
         Starting Update UTMP about System Boot/Shutdown...
[[0;32m  OK  [0m] Started Update UTMP about System Boot/Shutdown.
[[0;32m  OK  [0m] Started ebtables ruleset management.
[[0;32m  OK  [0m] Found device /dev/ttyS0.
[[0;32m  OK  [0m] Listening on Load/Save RF Kill Switch Status /dev/rfkill Watch.
[[0;32m  OK  [0m] Started AppArmor initialization.
         Starting Initial cloud-init job (pre-networking)...
         Starting Load AppArmor profiles managed internally by snapd...
[[0;32m  OK  [0m] Started Load AppArmor profiles managed internally by snapd.
[   12.843167] cloud-init[563]: Cloud-init v. 21.4-0ubuntu1~18.04.1 running 'init-local' at Sat, 05 Feb 2022 13:34:24 +0000. Up 12.66 seconds.
[[0;32m  OK  [0m] Started Initial cloud-init job (pre-networking).
[[0;32m  OK  [0m] Reached target Network (Pre).
         Starting Network Service...
[[0;32m  OK  [0m] Started Network Service.
         Starting Network Name Resolution...
         Starting Wait for Network to be Configured...
[[0;32m  OK  [0m] Started Network Name Resolution.
[[0;32m  OK  [0m] Reached target Network.
[[0;32m  OK  [0m] Reached target Host and Network Name Lookups.
[[0;32m  OK  [0m] Started Wait for Network to be Configured.
         Starting Initial cloud-init job (metadata service crawler)...
[   14.619031] cloud-init[670]: Cloud-init v. 21.4-0ubuntu1~18.04.1 running 'init' at Sat, 05 Feb 2022 13:34:26 +0000. Up 14.48 seconds.
[   14.621224] cloud-init[670]: ci-info: +++++++++++++++++++++++++++++++++++++Net device info++++++++++++++++++++++++++++++++++++++
[   14.622840] cloud-init[670]: ci-info: +--------+------+---------------------------+---------------+--------+-------------------+
[   14.625126] cloud-init[670]: ci-info: | Device |  Up  |          Address          |      Mask     | Scope  |     Hw-Address    |
[   14.627065] cloud-init[670]: ci-info: +--------+------+---------------------------+---------------+--------+-------------------+
[   14.629962] cloud-init[670]: ci-info: | enp0s3 | True |         10.0.2.15         | 255.255.255.0 | global | 02:0f:94:a1:da:7f |
[   14.631596] cloud-init[670]: ci-info: | enp0s3 | True | fe80::f:94ff:fea1:da7f/64 |       .       |  link  | 02:0f:94:a1:da:7f |
[   14.648262] cloud-init[670]: ci-info: |   lo   | True |         127.0.0.1         |   255.0.0.0   |  host  |         .         |
[   14.664636] cloud-init[670]: ci-info: |   lo   | True |          ::1/128          |       .       |  host  |         .         |
[   14.666060] cloud-init[670]: ci-info: +--------+------+---------------------------+---------------+--------+-------------------+
[   14.667341] cloud-init[670]: ci-info: ++++++++++++++++++++++++++++Route IPv4 info+++++++++++++++++++++++++++++
[   14.669644] cloud-init[670]: ci-info: +-------+-------------+----------+-----------------+-----------+-------+
[   14.671036] cloud-init[670]: ci-info: | Route | Destination | Gateway  |     Genmask     | Interface | Flags |
[   14.684844] cloud-init[670]: ci-info: +-------+-------------+----------+-----------------+-----------+-------+
[   14.686045] cloud-init[670]: ci-info: |   0   |   0.0.0.0   | 10.0.2.2 |     0.0.0.0     |   enp0s3  |   UG  |
[   14.687323] cloud-init[670]: ci-info: |   1   |   10.0.2.0  | 0.0.0.0  |  255.255.255.0  |   enp0s3  |   U   |
[   14.689016] cloud-init[670]: ci-info: |   2   |   10.0.2.2  | 0.0.0.0  | 255.255.255.255 |   enp0s3  |   UH  |
[   14.691100] cloud-init[670]: ci-info: +-------+-------------+----------+-----------------+-----------+-------+
[   14.692676] cloud-init[670]: ci-info: +++++++++++++++++++Route IPv6 info+++++++++++++++++++
[   14.694434] cloud-init[670]: ci-info: +-------+-------------+---------+-----------+-------+
[   14.708404] cloud-init[670]: ci-info: | Route | Destination | Gateway | Interface | Flags |
[   14.720348] cloud-init[670]: ci-info: +-------+-------------+---------+-----------+-------+
[   14.721996] cloud-init[670]: ci-info: |   1   |  fe80::/64  |    ::   |   enp0s3  |   U   |
[   14.732341] cloud-init[670]: ci-info: |   3   |    local    |    ::   |   enp0s3  |   U   |
[   14.733818] cloud-init[670]: ci-info: |   4   |   ff00::/8  |    ::   |   enp0s3  |   U   |
[   14.735248] cloud-init[670]: ci-info: +-------+-------------+---------+-----------+-------+
[[0;32m  OK  [0m] Started Initial cloud-init job (metadata service crawler).
[[0;32m  OK  [0m] Reached target Network is Online.
         Starting Availability of block devices...
[[0;32m  OK  [0m] Reached target Remote File Systems (Pre).
         Mounting /vagrant...
[[0;32m  OK  [0m] Reached target System Initialization.
[[0;32m  OK  [0m] Started Ubuntu Advantage Timer for running repeated jobs.
         Starting LXD - unix socket.
         Starting Socket activation for snappy daemon.
         Starting Docker Socket for the API.
[[0;32m  OK  [0m] Listening on D-Bus System Message Bus Socket.
[[0;32m  OK  [0m] Started Daily Cleanup of Temporary Directories.
[[0;32m  OK  [0m] Listening on cloud-init hotplug hook socket.
[[0;32m  OK  [0m] Started ACPI Events Check.
[[0;32m  OK  [0m] Started Trigger to poll for Ubuntu …(Only enabled on GCP LTS non-pro).
[[0;32m  OK  [0m] Reached target Paths.
[[0;32m  OK  [0m] Listening on Open-iSCSI iscsid Socket.
[[0;32m  OK  [0m] Started Message of the Day.
[[0;32m  OK  [0m] Started Discard unused blocks once a week.
[[0;32m  OK  [0m] Listening on UUID daemon activation socket.
[[0;32m  OK  [0m] Started Daily apt download activities.
[[0;32m  OK  [0m] Started Daily apt upgrade and clean activities.
[[0;32m  OK  [0m] Reached target Timers.
[[0;32m  OK  [0m] Listening on ACPID Listen Socket.
[[0;32m  OK  [0m] Reached target Cloud-config availability.
[[0;32m  OK  [0m] Started Availability of block devices.
[[0;32m  OK  [0m] Mounted /vagrant.
[[0;32m  OK  [0m] Listening on LXD - unix socket.
[[0;32m  OK  [0m] Listening on Socket activation for snappy daemon.
[[0;32m  OK  [0m] Listening on Docker Socket for the API.
[[0;32m  OK  [0m] Reached target Sockets.
[[0;32m  OK  [0m] Reached target Basic System.
         Starting Message of the Day...
[[0;32m  OK  [0m] Started FUSE filesystem for LXC.
[[0;32m  OK  [0m] Started Regular background program processing daemon.
         Starting LSB: Record successful boot for GRUB...
         Starting OpenBSD Secure Shell server...
         Starting System Logging Service...
         Starting Dispatcher daemon for systemd-networkd...
         Starting Virtualbox guest utils...
[[0;32m  OK  [0m] Started D-Bus System Message Bus.
         Starting Login Service...
         Starting containerd container runtime...
[[0;32m  OK  [0m] Started Deferred execution scheduler.
         Starting Accounts Service...
[[0;32m  OK  [0m] Started irqbalance daemon.
         Starting Snap Daemon...
         Starting LXD - container startup/shutdown...
         Mounting /vagrant/bkp...
[[0;32m  OK  [0m] Started System Logging Service.
[[0;32m  OK  [0m] Mounted /vagrant/bkp.
[[0;32m  OK  [0m] Started Login Service.
[[0;32m  OK  [0m] Started OpenBSD Secure Shell server.
[[0;32m  OK  [0m] Started Unattended Upgrades Shutdown.
[[0;32m  OK  [0m] Reached target Remote File Systems.
         Starting LSB: automatic crash report generation...
         Starting Permit User Sessions...
[[0;32m  OK  [0m] Started Permit User Sessions.
[[0;32m  OK  [0m] Started Dispatcher daemon for systemd-networkd.
         Starting Hold until boot process finishes up...
         Starting Terminate Plymouth Boot Screen...
         Starting Authorization Manager...
[[0;32m  OK  [0m] Started Hold until boot process finishes up.
         Starting Set console scheme...
[[0;32m  OK  [0m] Started Serial Getty on ttyS0.
[[0;32m  OK  [0m] Started Terminate Plymouth Boot Screen.
[[0;32m  OK  [0m] Started LSB: Record successful boot for GRUB.
[[0;32m  OK  [0m] Started Set console scheme.
[[0;32m  OK  [0m] Created slice system-getty.slice.
[[0;32m  OK  [0m] Started Getty on tty1.
[[0;32m  OK  [0m] Reached target Login Prompts.
[[0;32m  OK  [0m] Started Virtualbox guest utils.
[[0;32m  OK  [0m] Started Authorization Manager.
[[0;32m  OK  [0m] Started Accounts Service.
[[0;32m  OK  [0m] Started LXD - container startup/shutdown.
[[0;32m  OK  [0m] Started LSB: automatic crash report generation.
[[0;32m  OK  [0m] Started containerd container runtime.
         Starting Docker Application Container Engine...
[[0;32m  OK  [0m] Started Snap Daemon.
         Starting Wait until snapd is fully seeded...
[[0;32m  OK  [0m] Started Wait until snapd is fully seeded.
         Starting Apply the settings specified in cloud-config...
[   17.339162] cloud-init[1195]: Cloud-init v. 21.4-0ubuntu1~18.04.1 running 'modules:config' at Sat, 05 Feb 2022 13:34:28 +0000. Up 17.23 seconds.
[[0;32m  OK  [0m] Started Apply the settings specified in cloud-config.
[[0;32m  OK  [0m] Created slice User Slice of vagrant.
         Starting User Manager for UID 1000...
[[0;32m  OK  [0m] Started Session 1 of user vagrant.
[[0;32m  OK  [0m] Started User Manager for UID 1000.
[[0;32m  OK  [0m] Started Docker Application Container Engine.
[[0;32m  OK  [0m] Reached target Multi-User System.
[[0;32m  OK  [0m] Reached target Graphical Interface.
         Starting Execute cloud user/final scripts...
         Starting Update UTMP about System Runlevel Changes...
[[0;32m  OK  [0m] Started Update UTMP about System Runlevel Changes.
[   19.868512] cloud-init[1714]: Cloud-init v. 21.4-0ubuntu1~18.04.1 running 'modules:final' at Sat, 05 Feb 2022 13:34:31 +0000. Up 19.77 seconds.
[   19.870467] cloud-init[1714]: Cloud-init v. 21.4-0ubuntu1~18.04.1 finished at Sat, 05 Feb 2022 13:34:31 +0000. Datasource DataSourceNoCloud [seed=/dev/sdb][dsmode=net].  Up 19.86 seconds
[[0;32m  OK  [0m] Started Execute cloud user/final scripts.
[[0;32m  OK  [0m] Reached target Cloud-init target.

Ubuntu 18.04.6 LTS ubuntu-bionic ttyS0

ubuntu-bionic login: 